[22May2025 00:01:53.871] [Server thread/WARN] [net.minecraft.server.level.ServerLevel/]: Tried to add entity zombie_island:runner but it was marked as removed already
[22May2025 00:01:58.065] [Server thread/INFO] [net.minecraft.server.MinecraftServer/]: benghijairo_GT has made the advancement [Bark Off]
[22May2025 00:02:22.865] [Server thread/INFO] [net.minecraft.server.MinecraftServer/]: benghijairo_GT has made the advancement [The Andesite Age]
[22May2025 00:03:50.319] [Server thread/WARN] [net.minecraft.server.level.ServerLevel/]: Tried to add entity zombie_island:walker but it was marked as removed already
[22May2025 00:04:02.570] [Server thread/WARN] [net.minecraft.server.level.ServerLevel/]: Tried to add entity zombie_island:walker but it was marked as removed already
[22May2025 00:07:22.519] [Server thread/WARN] [net.minecraft.server.level.ServerLevel/]: Tried to add entity zombie_island:runner but it was marked as removed already
[22May2025 00:08:40.471] [Server thread/WARN] [net.minecraft.server.level.ServerLevel/]: Tried to add entity zombie_island:shambler but it was marked as removed already
[22May2025 00:09:25.969] [Server thread/WARN] [net.minecraft.server.level.ServerLevel/]: Tried to add entity zombie_island:walker but it was marked as removed already
[22May2025 00:10:42.419] [Server thread/WARN] [net.minecraft.server.level.ServerLevel/]: Tried to add entity zombie_island:runner but it was marked as removed already
[22May2025 00:10:53.920] [Server thread/WARN] [net.minecraft.server.level.ServerLevel/]: Tried to add entity zombie_island:shambler but it was marked as removed already
[22May2025 00:11:23.721] [Server thread/WARN] [net.minecraft.server.level.ServerLevel/]: Tried to add entity zombie_island:shambler but it was marked as removed already
[22May2025 00:11:23.721] [Server thread/WARN] [net.minecraft.server.level.ServerLevel/]: Tried to add entity zombie_island:walker but it was marked as removed already
[22May2025 00:11:24.219] [Server thread/WARN] [net.minecraft.server.level.ServerLevel/]: Tried to add entity zombie_island:runner but it was marked as removed already
[22May2025 00:11:38.320] [Server thread/WARN] [net.minecraft.server.level.ServerLevel/]: Tried to add entity zombie_island:walker but it was marked as removed already
[22May2025 00:12:32.821] [Server thread/WARN] [net.minecraft.server.level.ServerLevel/]: Tried to add entity zombie_island:runner but it was marked as removed already
[22May2025 00:13:16.920] [Server thread/WARN] [net.minecraft.server.level.ServerLevel/]: Tried to add entity zombie_island:walker but it was marked as removed already
[22May2025 00:14:58.418] [Server thread/WARN] [net.minecraft.server.level.ServerLevel/]: Tried to add entity zombie_island:runner but it was marked as removed already
[22May2025 00:15:39.920] [Server thread/WARN] [net.minecraft.server.level.ServerLevel/]: Tried to add entity zombie_island:runner but it was marked as removed already
[22May2025 00:16:31.256] [Server thread/INFO] [net.minecraft.server.MinecraftServer/]: benghijairo_GT has made the advancement [Bonfire Lit]
[22May2025 00:17:27.919] [Server thread/WARN] [net.minecraft.server.level.ServerLevel/]: Tried to add entity zombie_island:runner but it was marked as removed already
[22May2025 00:17:35.973] [Server thread/INFO] [net.minecraft.server.network.ServerGamePacketListenerImpl/]: benghijairo_GT lost connection: Disconnected
[22May2025 00:17:35.974] [Server thread/INFO] [net.minecraft.server.MinecraftServer/]: benghijairo_GT left the game
[22May2025 00:17:35.974] [Server thread/INFO] [voicechat/]: [voicechat] Disconnecting client benghijairo_GT
